<?xml version="1.0" encoding="UTF-8"?>
<!-- Generated by org.testng.reporters.JUnitXMLReporter -->
<testsuite ignored="2" hostname="DESKTOP-AON28TC" failures="1" tests="5" name="Test" time="13.926" errors="0" timestamp="2022-08-13T15:35:52 IST">
  <testcase classname="tests.LoginTest" name="verifybuttontext" time="0.051">
    <failure type="java.lang.AssertionError" message="The following asserts failed:
	expected [LOGIN] but found []">
      <![CDATA[java.lang.AssertionError: The following asserts failed:
expected [LOGIN] but found []
at tests.LoginTest.verifybuttontext(LoginTest.java:35)
at java.base/java.util.ArrayList.forEach(ArrayList.java:1511)
... Removed 29 stack frames]]>
    </failure>
  </testcase> <!-- verifybuttontext -->
  <testcase classname="tests.LoginTest" name="login" time="8.494"/>
  <testcase classname="tests.HomePageTest" name="goToTab" time="2.918"/>
  <testcase classname="tests.HomePageTest" name="logout" time="2.168"/>
  <testcase classname="tests.HomePageTest" name="verifyTitle" time="0.019"/>
  <testcase classname="tests.BaseTest" name="@AfterSuite tearDown" time="0.0">
    <ignored/>
  </testcase> <!-- @AfterSuite tearDown -->
  <testcase classname="tests.BaseTest" name="@BeforeSuite init" time="0.0">
    <ignored/>
  </testcase> <!-- @BeforeSuite init -->
</testsuite> <!-- Test -->
